0 info it worked if it ends with ok
1 verbose cli [ '/usr/bin/nodejs', '/usr/bin/npm', 'build', 'android' ]
2 info using npm@2.15.0
3 info using node@v4.4.2
4 info build /home/castilho/JS/ionic/hackathonmj/android
5 verbose stack Error: ENOENT: no such file or directory, open '/home/castilho/JS/ionic/hackathonmj/android/package.json'
5 verbose stack     at Error (native)
6 verbose cwd /home/castilho/JS/ionic/hackathonmj
7 error Linux 3.13.0-24-generic
8 error argv "/usr/bin/nodejs" "/usr/bin/npm" "build" "android"
9 error node v4.4.2
10 error npm  v2.15.0
11 error path /home/castilho/JS/ionic/hackathonmj/android/package.json
12 error code ENOENT
13 error errno -2
14 error syscall open
15 error enoent ENOENT: no such file or directory, open '/home/castilho/JS/ionic/hackathonmj/android/package.json'
15 error enoent This is most likely not a problem with npm itself
15 error enoent and is related to npm not being able to find a file.
16 verbose exit [ -2, true ]
