
> spawn-sync@1.0.15 postinstall /home/castilho/JS/ionic/hackathonmj/node_modules/gulp-sass/node_modules/node-sass/node_modules/cross-spawn/node_modules/spawn-sync
> node postinstall


> node-sass@3.4.2 install /home/castilho/JS/ionic/hackathonmj/node_modules/gulp-sass/node_modules/node-sass
> node scripts/install.js

Binary downloaded and installed at /home/castilho/JS/ionic/hackathonmj/node_modules/gulp-sass/node_modules/node-sass/vendor/linux-x64-46/binding.node

> node-sass@3.4.2 postinstall /home/castilho/JS/ionic/hackathonmj/node_modules/gulp-sass/node_modules/node-sass
> node scripts/build.js

` /home/castilho/JS/ionic/hackathonmj/node_modules/gulp-sass/node_modules/node-sass/vendor/linux-x64-46/binding.node ` exists. 
 testing binary.
Binary is fine; exiting.
gulp-rename@1.2.2 node_modules/gulp-rename

angular@1.5.3 node_modules/angular

shelljs@0.3.0 node_modules/shelljs

gulp-util@2.2.20 node_modules/gulp-util
├── lodash._reinterpolate@2.4.1
├── minimist@0.2.0
├── through2@0.5.1 (xtend@3.0.0, readable-stream@1.0.33)
├── vinyl@0.2.3 (clone-stats@0.0.1)
├── chalk@0.5.1 (ansi-styles@1.1.0, escape-string-regexp@1.0.5, supports-color@0.2.0, has-ansi@0.1.0, strip-ansi@0.3.0)
├── lodash.template@2.4.1 (lodash._escapestringchar@2.4.1, lodash.templatesettings@2.4.1, lodash.values@2.4.1, lodash.defaults@2.4.1, lodash.keys@2.4.1, lodash.escape@2.4.1)
├── multipipe@0.1.2 (duplexer2@0.0.2)
└── dateformat@1.0.12 (get-stdin@4.0.1, meow@3.7.0)

gulp@3.9.1 node_modules/gulp
├── interpret@1.0.0
├── pretty-hrtime@1.0.2
├── deprecated@0.0.1
├── archy@1.0.0
├── minimist@1.2.0
├── semver@4.3.6
├── tildify@1.1.2 (os-homedir@1.0.1)
├── v8flags@2.0.11 (user-home@1.1.1)
├── chalk@1.1.3 (supports-color@2.0.0, escape-string-regexp@1.0.5, ansi-styles@2.2.1, strip-ansi@3.0.1, has-ansi@2.0.0)
├── orchestrator@0.3.7 (stream-consume@0.1.0, sequencify@0.0.7, end-of-stream@0.1.5)
├── liftoff@2.2.1 (extend@2.0.1, rechoir@0.6.2, flagged-respawn@0.3.2, findup-sync@0.3.0, resolve@1.1.7)
├── vinyl-fs@0.3.14 (graceful-fs@3.0.8, vinyl@0.4.6, strip-bom@1.0.0, defaults@1.0.3, through2@0.6.5, mkdirp@0.5.1, glob-stream@3.1.18, glob-watcher@0.0.6)
└── gulp-util@3.0.7 (array-differ@1.0.0, object-assign@3.0.0, array-uniq@1.0.2, lodash._reinterpolate@3.0.0, lodash._reevaluate@3.0.0, lodash._reescape@3.0.0, beeper@1.1.0, replace-ext@0.0.1, has-gulplog@0.1.0, fancy-log@1.2.0, vinyl@0.5.3, gulplog@1.0.0, lodash.template@3.6.2, through2@2.0.1, multipipe@0.1.2, dateformat@1.0.12)

gulp-concat@2.6.0 node_modules/gulp-concat
├── concat-with-sourcemaps@1.0.4 (source-map@0.5.3)
├── through2@0.6.5 (xtend@4.0.1, readable-stream@1.0.33)
└── gulp-util@3.0.7 (array-differ@1.0.0, object-assign@3.0.0, array-uniq@1.0.2, lodash._reescape@3.0.0, beeper@1.1.0, lodash._reinterpolate@3.0.0, lodash._reevaluate@3.0.0, replace-ext@0.0.1, has-gulplog@0.1.0, minimist@1.2.0, fancy-log@1.2.0, vinyl@0.5.3, chalk@1.1.3, gulplog@1.0.0, lodash.template@3.6.2, through2@2.0.1, multipipe@0.1.2, dateformat@1.0.12)

gulp-minify-css@0.3.13 node_modules/gulp-minify-css
├── memory-cache@0.0.5
├── through2@0.6.5 (xtend@4.0.1, readable-stream@1.0.33)
├── bufferstreams@0.0.2 (readable-stream@1.1.13)
├── vinyl-sourcemaps-apply@0.1.4 (source-map@0.1.43)
├── clean-css@3.0.10 (commander@2.5.1, source-map@0.1.43)
└── gulp-util@3.0.7 (array-differ@1.0.0, array-uniq@1.0.2, object-assign@3.0.0, lodash._reescape@3.0.0, lodash._reinterpolate@3.0.0, beeper@1.1.0, lodash._reevaluate@3.0.0, replace-ext@0.0.1, has-gulplog@0.1.0, minimist@1.2.0, fancy-log@1.2.0, vinyl@0.5.3, chalk@1.1.3, gulplog@1.0.0, lodash.template@3.6.2, through2@2.0.1, multipipe@0.1.2, dateformat@1.0.12)

bower@1.7.7 node_modules/bower

gulp-sass@2.2.0 node_modules/gulp-sass
├── object-assign@4.0.1
├── vinyl-sourcemaps-apply@0.2.1 (source-map@0.5.3)
├── through2@2.0.1 (xtend@4.0.1, readable-stream@2.0.6)
├── gulp-util@3.0.7 (array-differ@1.0.0, object-assign@3.0.0, array-uniq@1.0.2, lodash._reescape@3.0.0, lodash._reevaluate@3.0.0, beeper@1.1.0, lodash._reinterpolate@3.0.0, replace-ext@0.0.1, has-gulplog@0.1.0, minimist@1.2.0, fancy-log@1.2.0, vinyl@0.5.3, chalk@1.1.3, gulplog@1.0.0, lodash.template@3.6.2, multipipe@0.1.2, dateformat@1.0.12)
└── node-sass@3.4.2 (get-stdin@4.0.1, async-foreach@0.1.3, chalk@1.1.3, nan@2.2.1, mkdirp@0.5.1, glob@5.0.15, npmconf@2.1.2, gaze@0.5.2, meow@3.7.0, cross-spawn@2.1.5, sass-graph@2.1.1, request@2.69.0, node-gyp@3.3.1)
